<?xml version="1.0" encoding="UTF-8"?>
<!-- Generated by org.testng.reporters.JUnitXMLReporter -->
<testsuite ignored="5" hostname="ShivaSSBMS" failures="0" tests="1" name="Default test" time="2.594" errors="0" timestamp="2023-11-10T14:44:43 IST">
  <testcase classname="com.org.ssbms.restassured.PathParametersTest" name="testUpdateWithContext" time="2.562"/>
  <testcase classname="com.org.ssbms.restassured.PathParametersTest" name="testAPIWithGetURLs" time="0.0">
    <ignored/>
  </testcase> <!-- testAPIWithGetURLs -->
  <testcase classname="com.org.ssbms.restassured.PathParametersTest" name="testCreateBookindID" time="0.0">
    <ignored/>
  </testcase> <!-- testCreateBookindID -->
  <testcase classname="com.org.ssbms.restassured.PathParametersTest" name="testGetWithContext" time="0.0">
    <ignored/>
  </testcase> <!-- testGetWithContext -->
  <testcase classname="com.org.ssbms.restassured.PathParametersTest" name="testAPIWithPathParameters" time="0.0">
    <ignored/>
  </testcase> <!-- testAPIWithPathParameters -->
  <testcase classname="com.org.ssbms.restassured.PathParametersTest" name="createToken" time="0.0">
    <ignored/>
  </testcase> <!-- createToken -->
</testsuite> <!-- Default test -->
